# JRE version: OpenJDK Runtime Environment Temurin-17.0.6+10 (17.0.6+10) (build 17.0.6+10)
# Java VM: OpenJDK 64-Bit Server VM Temurin-17.0.6+10 (17.0.6+10, mixed mode, emulated-client, tiered, compressed oops, compressed class ptrs, g1 gc, windows-amd64)
GC Precious Log:
 CPUs: 8 total, 8 available
 Memory: 8029M
 Large Page Support: Disabled
 NUMA Support: Disabled
 Compressed Oops: Enabled (32-bit)
 Heap Region Size: 1M
 Heap Min Capacity: 8M
 Heap Initial Capacity: 126M
 Heap Max Capacity: 1G
 Pre-touch: Disabled
 Parallel Workers: 8
 Concurrent Workers: 2
 Concurrent Refinement Workers: 8
 Periodic GC: Disabled
Heap:
 garbage-first heap   total 51200K, used 20017K [0x00000000c0000000, 0x0000000100000000)
  region size 1024K, 1 young (1024K), 0 survivors (0K)
 Metaspace       used 44967K, committed 45632K, reserved 1089536K
  class space    used 5990K, committed 6272K, reserved 1048576K
GC Heap History (20 events):
Event: 11475.757 GC heap before
{Heap before GC invocations=1133 (full 1119):
 garbage-first heap   total 51200K, used 20017K [0x00000000c0000000, 0x0000000100000000)
  region size 1024K, 1 young (1024K), 0 survivors (0K)
 Metaspace       used 44967K, committed 45632K, reserved 1089536K
  class space    used 5990K, committed 6272K, reserved 1048576K
}
Event: 11475.779 GC heap after
{Heap after GC invocations=1134 (full 1120):
 garbage-first heap   total 51200K, used 20017K [0x00000000c0000000, 0x0000000100000000)
  region size 1024K, 0 young (0K), 0 survivors (0K)
 Metaspace       used 44967K, committed 45632K, reserved 1089536K
  class space    used 5990K, committed 6272K, reserved 1048576K
}
Event: 11485.869 GC heap before
{Heap before GC invocations=1134 (full 1120):
 garbage-first heap   total 51200K, used 20017K [0x00000000c0000000, 0x0000000100000000)
  region size 1024K, 1 young (1024K), 0 survivors (0K)
 Metaspace       used 44967K, committed 45632K, reserved 1089536K
  class space    used 5990K, committed 6272K, reserved 1048576K
}
Event: 11485.886 GC heap after
{Heap after GC invocations=1135 (full 1121):
 garbage-first heap   total 51200K, used 20017K [0x00000000c0000000, 0x0000000100000000)
  region size 1024K, 0 young (0K), 0 survivors (0K)
 Metaspace       used 44967K, committed 45632K, reserved 1089536K
  class space    used 5990K, committed 6272K, reserved 1048576K
}
Event: 11496.042 GC heap before
{Heap before GC invocations=1135 (full 1121):
 garbage-first heap   total 51200K, used 20017K [0x00000000c0000000, 0x0000000100000000)
  region size 1024K, 1 young (1024K), 0 survivors (0K)
 Metaspace       used 44967K, committed 45632K, reserved 1089536K
  class space    used 5990K, committed 6272K, reserved 1048576K
}
Event: 11496.066 GC heap after
{Heap after GC invocations=1136 (full 1122):
 garbage-first heap   total 51200K, used 20017K [0x00000000c0000000, 0x0000000100000000)
  region size 1024K, 0 young (0K), 0 survivors (0K)
 Metaspace       used 44967K, committed 45632K, reserved 1089536K
  class space    used 5990K, committed 6272K, reserved 1048576K
}
Event: 11506.205 GC heap before
{Heap before GC invocations=1136 (full 1122):
 garbage-first heap   total 51200K, used 20017K [0x00000000c0000000, 0x0000000100000000)
  region size 1024K, 1 young (1024K), 0 survivors (0K)
 Metaspace       used 44967K, committed 45632K, reserved 1089536K
  class space    used 5990K, committed 6272K, reserved 1048576K
}
Event: 11506.222 GC heap after
{Heap after GC invocations=1137 (full 1123):
 garbage-first heap   total 51200K, used 20017K [0x00000000c0000000, 0x0000000100000000)
  region size 1024K, 0 young (0K), 0 survivors (0K)
 Metaspace       used 44967K, committed 45632K, reserved 1089536K
  class space    used 5990K, committed 6272K, reserved 1048576K
}
Event: 11516.335 GC heap before
{Heap before GC invocations=1137 (full 1123):
 garbage-first heap   total 51200K, used 20017K [0x00000000c0000000, 0x0000000100000000)
  region size 1024K, 1 young (1024K), 0 survivors (0K)
 Metaspace       used 44967K, committed 45632K, reserved 1089536K
  class space    used 5990K, committed 6272K, reserved 1048576K
}
Event: 11516.351 GC heap after
{Heap after GC invocations=1138 (full 1124):
 garbage-first heap   total 51200K, used 20017K [0x00000000c0000000, 0x0000000100000000)
  region size 1024K, 0 young (0K), 0 survivors (0K)
 Metaspace       used 44967K, committed 45632K, reserved 1089536K
  class space    used 5990K, committed 6272K, reserved 1048576K
}
Event: 11526.463 GC heap before
{Heap before GC invocations=1138 (full 1124):
 garbage-first heap   total 51200K, used 20017K [0x00000000c0000000, 0x0000000100000000)
  region size 1024K, 1 young (1024K), 0 survivors (0K)
 Metaspace       used 44967K, committed 45632K, reserved 1089536K
  class space    used 5990K, committed 6272K, reserved 1048576K
}
Event: 11526.481 GC heap after
{Heap after GC invocations=1139 (full 1125):
 garbage-first heap   total 51200K, used 20017K [0x00000000c0000000, 0x0000000100000000)
  region size 1024K, 0 young (0K), 0 survivors (0K)
 Metaspace       used 44967K, committed 45632K, reserved 1089536K
  class space    used 5990K, committed 6272K, reserved 1048576K
}
Event: 11536.592 GC heap before
{Heap before GC invocations=1139 (full 1125):
 garbage-first heap   total 51200K, used 20017K [0x00000000c0000000, 0x0000000100000000)
  region size 1024K, 1 young (1024K), 0 survivors (0K)
 Metaspace       used 44967K, committed 45632K, reserved 1089536K
  class space    used 5990K, committed 6272K, reserved 1048576K
}
Event: 11536.614 GC heap after
{Heap after GC invocations=1140 (full 1126):
 garbage-first heap   total 51200K, used 20017K [0x00000000c0000000, 0x0000000100000000)
  region size 1024K, 0 young (0K), 0 survivors (0K)
 Metaspace       used 44967K, committed 45632K, reserved 1089536K
  class space    used 5990K, committed 6272K, reserved 1048576K
}
Event: 11546.726 GC heap before
{Heap before GC invocations=1140 (full 1126):
 garbage-first heap   total 51200K, used 20017K [0x00000000c0000000, 0x0000000100000000)
  region size 1024K, 1 young (1024K), 0 survivors (0K)
 Metaspace       used 44967K, committed 45632K, reserved 1089536K
  class space    used 5990K, committed 6272K, reserved 1048576K
}
Event: 11546.742 GC heap after
{Heap after GC invocations=1141 (full 1127):
 garbage-first heap   total 51200K, used 20017K [0x00000000c0000000, 0x0000000100000000)
  region size 1024K, 0 young (0K), 0 survivors (0K)
 Metaspace       used 44967K, committed 45632K, reserved 1089536K
  class space    used 5990K, committed 6272K, reserved 1048576K
}
Event: 11556.847 GC heap before
{Heap before GC invocations=1141 (full 1127):
 garbage-first heap   total 51200K, used 20017K [0x00000000c0000000, 0x0000000100000000)
  region size 1024K, 1 young (1024K), 0 survivors (0K)
 Metaspace       used 44967K, committed 45632K, reserved 1089536K
  class space    used 5990K, committed 6272K, reserved 1048576K
}
Event: 11556.867 GC heap after
{Heap after GC invocations=1142 (full 1128):
 garbage-first heap   total 51200K, used 20017K [0x00000000c0000000, 0x0000000100000000)
  region size 1024K, 0 young (0K), 0 survivors (0K)
 Metaspace       used 44967K, committed 45632K, reserved 1089536K
  class space    used 5990K, committed 6272K, reserved 1048576K
}
Event: 11566.985 GC heap before
{Heap before GC invocations=1142 (full 1128):
 garbage-first heap   total 51200K, used 20017K [0x00000000c0000000, 0x0000000100000000)
  region size 1024K, 1 young (1024K), 0 survivors (0K)
 Metaspace       used 44967K, committed 45632K, reserved 1089536K
  class space    used 5990K, committed 6272K, reserved 1048576K
}
Event: 11567.022 GC heap after
{Heap after GC invocations=1143 (full 1129):
 garbage-first heap   total 51200K, used 20017K [0x00000000c0000000, 0x0000000100000000)
  region size 1024K, 0 young (0K), 0 survivors (0K)
 Metaspace       used 44967K, committed 45632K, reserved 1089536K
  class space    used 5990K, committed 6272K, reserved 1048576K
}

